<?xml version="1.0" encoding="UTF-8"?>
<testsuites>
  <testsuite name="fastlane.lanes">
    
    
    
      
      <testcase classname="fastlane.lanes" name="0: default_platform" time="0.000183">
        
      </testcase>
    
      
      <testcase classname="fastlane.lanes" name="1: clean assembleRelease" time="13.066032">
        
          <failure message="/opt/homebrew/Cellar/fastlane/2.211.0_2/libexec/gems/fastlane-2.211.0/fastlane/lib/fastlane/actions/actions_helper.rb:67:in `execute_action&apos;&#10;/opt/homebrew/Cellar/fastlane/2.211.0_2/libexec/gems/fastlane-2.211.0/fastlane/lib/fastlane/runner.rb:255:in `block in execute_action&apos;&#10;/opt/homebrew/Cellar/fastlane/2.211.0_2/libexec/gems/fastlane-2.211.0/fastlane/lib/fastlane/runner.rb:229:in `chdir&apos;&#10;/opt/homebrew/Cellar/fastlane/2.211.0_2/libexec/gems/fastlane-2.211.0/fastlane/lib/fastlane/runner.rb:229:in `execute_action&apos;&#10;/opt/homebrew/Cellar/fastlane/2.211.0_2/libexec/gems/fastlane-2.211.0/fastlane/lib/fastlane/runner.rb:157:in `trigger_action_by_name&apos;&#10;/opt/homebrew/Cellar/fastlane/2.211.0_2/libexec/gems/fastlane-2.211.0/fastlane/lib/fastlane/fast_file.rb:159:in `method_missing&apos;&#10;Fastfile:35:in `block (2 levels) in parsing_binding&apos;&#10;/opt/homebrew/Cellar/fastlane/2.211.0_2/libexec/gems/fastlane-2.211.0/fastlane/lib/fastlane/lane.rb:33:in `call&apos;&#10;/opt/homebrew/Cellar/fastlane/2.211.0_2/libexec/gems/fastlane-2.211.0/fastlane/lib/fastlane/runner.rb:49:in `block in execute&apos;&#10;/opt/homebrew/Cellar/fastlane/2.211.0_2/libexec/gems/fastlane-2.211.0/fastlane/lib/fastlane/runner.rb:45:in `chdir&apos;&#10;/opt/homebrew/Cellar/fastlane/2.211.0_2/libexec/gems/fastlane-2.211.0/fastlane/lib/fastlane/runner.rb:45:in `execute&apos;&#10;/opt/homebrew/Cellar/fastlane/2.211.0_2/libexec/gems/fastlane-2.211.0/fastlane/lib/fastlane/lane_manager.rb:47:in `cruise_lane&apos;&#10;/opt/homebrew/Cellar/fastlane/2.211.0_2/libexec/gems/fastlane-2.211.0/fastlane/lib/fastlane/command_line_handler.rb:36:in `handle&apos;&#10;/opt/homebrew/Cellar/fastlane/2.211.0_2/libexec/gems/fastlane-2.211.0/fastlane/lib/fastlane/commands_generator.rb:110:in `block (2 levels) in run&apos;&#10;/opt/homebrew/Cellar/fastlane/2.211.0_2/libexec/gems/commander-4.6.0/lib/commander/command.rb:187:in `call&apos;&#10;/opt/homebrew/Cellar/fastlane/2.211.0_2/libexec/gems/commander-4.6.0/lib/commander/command.rb:157:in `run&apos;&#10;/opt/homebrew/Cellar/fastlane/2.211.0_2/libexec/gems/commander-4.6.0/lib/commander/runner.rb:444:in `run_active_command&apos;&#10;/opt/homebrew/Cellar/fastlane/2.211.0_2/libexec/gems/fastlane-2.211.0/fastlane_core/lib/fastlane_core/ui/fastlane_runner.rb:124:in `run!&apos;&#10;/opt/homebrew/Cellar/fastlane/2.211.0_2/libexec/gems/commander-4.6.0/lib/commander/delegates.rb:18:in `run!&apos;&#10;/opt/homebrew/Cellar/fastlane/2.211.0_2/libexec/gems/fastlane-2.211.0/fastlane/lib/fastlane/commands_generator.rb:354:in `run&apos;&#10;/opt/homebrew/Cellar/fastlane/2.211.0_2/libexec/gems/fastlane-2.211.0/fastlane/lib/fastlane/commands_generator.rb:43:in `start&apos;&#10;/opt/homebrew/Cellar/fastlane/2.211.0_2/libexec/gems/fastlane-2.211.0/fastlane/lib/fastlane/cli_tools_distributor.rb:123:in `take_off&apos;&#10;/opt/homebrew/Cellar/fastlane/2.211.0_2/libexec/gems/fastlane-2.211.0/bin/fastlane:23:in `&lt;top (required)&gt;&apos;&#10;/opt/homebrew/Cellar/fastlane/2.211.0_2/libexec/bin/fastlane:25:in `load&apos;&#10;/opt/homebrew/Cellar/fastlane/2.211.0_2/libexec/bin/fastlane:25:in `&lt;main&gt;&apos;&#10;&#10;Exit status of command &apos;/Users/goldeninfotechapple-1/development/Flutter/testing_mason/gdn_health_app/android/gradlew clean assembleRelease -p .&apos; was 1 instead of 0.&#10;&gt; Task :clean&#10;&gt; Task :app:clean UP-TO-DATE&#10;&gt; Task :connectivity_plus:clean UP-TO-DATE&#10;&gt; Task :path_provider_android:clean UP-TO-DATE&#10;&gt; Task :sqflite:clean UP-TO-DATE&#10;&gt; Task :sqflite:preBuild UP-TO-DATE&#10;&gt; Task :sqflite:preReleaseBuild UP-TO-DATE&#10;&gt; Task :sqflite:compileReleaseAidl NO-SOURCE&#10;&gt; Task :sqflite:mergeReleaseJniLibFolders&#10;&gt; Task :sqflite:mergeReleaseNativeLibs NO-SOURCE&#10;&gt; Task :sqflite:stripReleaseDebugSymbols NO-SOURCE&#10;&gt; Task :sqflite:compileReleaseRenderscript NO-SOURCE&#10;&gt; Task :sqflite:copyReleaseJniLibsProjectAndLocalJars&#10;&gt; Task :sqflite:generateReleaseBuildConfig&#10;&gt; Task :sqflite:generateReleaseResValues&#10;&gt; Task :sqflite:generateReleaseResources&#10;&gt; Task :sqflite:packageReleaseResources&#10;&gt; Task :sqflite:parseReleaseLocalResources&#10;&gt; Task :sqflite:javaPreCompileRelease&#10;&gt; Task :sqflite:mergeReleaseShaders&#10;&gt; Task :sqflite:compileReleaseShaders NO-SOURCE&#10;&gt; Task :sqflite:generateReleaseAssets UP-TO-DATE&#10;&gt; Task :sqflite:packageReleaseAssets&#10;&gt; Task :sqflite:packageReleaseRenderscript NO-SOURCE&#10;&gt; Task :sqflite:prepareLintJarForPublish UP-TO-DATE&#10;&gt; Task :sqflite:prepareReleaseArtProfile UP-TO-DATE&#10;&gt; Task :sqflite:processReleaseJavaRes NO-SOURCE&#10;&gt; Task :sqflite:processReleaseManifest&#10;&gt; Task :sqflite:mergeReleaseJavaResource&#10;&gt; Task :sqflite:writeReleaseAarMetadata&#10;&gt; Task :path_provider_android:preBuild UP-TO-DATE&#10;&gt; Task :path_provider_android:preReleaseBuild UP-TO-DATE&#10;&gt; Task :path_provider_android:compileReleaseAidl NO-SOURCE&#10;&gt; Task :path_provider_android:mergeReleaseJniLibFolders&#10;&gt; Task :path_provider_android:mergeReleaseNativeLibs NO-SOURCE&#10;&gt; Task :path_provider_android:stripReleaseDebugSymbols NO-SOURCE&#10;&gt; Task :path_provider_android:compileReleaseRenderscript NO-SOURCE&#10;&gt; Task :path_provider_android:copyReleaseJniLibsProjectAndLocalJars&#10;&gt; Task :path_provider_android:generateReleaseBuildConfig&#10;&gt; Task :path_provider_android:generateReleaseResValues&#10;&gt; Task :path_provider_android:generateReleaseResources&#10;&gt; Task :path_provider_android:packageReleaseResources&#10;&gt; Task :path_provider_android:parseReleaseLocalResources&#10;&gt; Task :sqflite:generateReleaseRFile&#10;&gt; Task :path_provider_android:javaPreCompileRelease&#10;&gt; Task :path_provider_android:mergeReleaseShaders&#10;&gt; Task :path_provider_android:compileReleaseShaders NO-SOURCE&#10;&gt; Task :path_provider_android:generateReleaseAssets UP-TO-DATE&#10;&gt; Task :path_provider_android:processReleaseManifest&#10;&gt; Task :path_provider_android:packageReleaseAssets&#10;&gt; Task :path_provider_android:packageReleaseRenderscript NO-SOURCE&#10;&gt; Task :path_provider_android:prepareLintJarForPublish UP-TO-DATE&#10;&gt; Task :path_provider_android:prepareReleaseArtProfile UP-TO-DATE&#10;&gt; Task :path_provider_android:processReleaseJavaRes NO-SOURCE&#10;&gt; Task :connectivity_plus:preBuild UP-TO-DATE&#10;&gt; Task :connectivity_plus:preReleaseBuild UP-TO-DATE&#10;&gt; Task :path_provider_android:mergeReleaseJavaResource&#10;&gt; Task :path_provider_android:writeReleaseAarMetadata&#10;&gt; Task :connectivity_plus:compileReleaseAidl NO-SOURCE&#10;&gt; Task :connectivity_plus:mergeReleaseJniLibFolders&#10;&gt; Task :connectivity_plus:mergeReleaseNativeLibs NO-SOURCE&#10;&gt; Task :connectivity_plus:stripReleaseDebugSymbols NO-SOURCE&#10;&gt; Task :connectivity_plus:compileReleaseRenderscript NO-SOURCE&#10;&gt; Task :connectivity_plus:copyReleaseJniLibsProjectAndLocalJars&#10;&gt; Task :connectivity_plus:generateReleaseBuildConfig&#10;&gt; Task :connectivity_plus:generateReleaseResValues&#10;&gt; Task :connectivity_plus:generateReleaseResources&#10;&gt; Task :path_provider_android:generateReleaseRFile&#10;&gt; Task :sqflite:extractReleaseAnnotations&#10;&gt; Task :sqflite:compileReleaseJavaWithJavac&#10;&gt; Task :sqflite:mergeReleaseGeneratedProguardFiles&#10;&gt; Task :sqflite:mergeReleaseConsumerProguardFiles&#10;&gt; Task :sqflite:syncReleaseLibJars&#10;&gt; Task :sqflite:bundleReleaseLocalLintAar&#10;&gt; Task :path_provider_android:extractReleaseAnnotations&#10;&gt; Task :path_provider_android:compileReleaseJavaWithJavac&#10;&gt; Task :path_provider_android:mergeReleaseGeneratedProguardFiles&#10;&gt; Task :path_provider_android:mergeReleaseConsumerProguardFiles&#10;&gt; Task :path_provider_android:syncReleaseLibJars&#10;&gt; Task :path_provider_android:bundleReleaseLocalLintAar&#10;&gt; Task :connectivity_plus:packageReleaseResources&#10;&gt; Task :connectivity_plus:parseReleaseLocalResources&#10;&gt; Task :connectivity_plus:javaPreCompileRelease&#10;&gt; Task :connectivity_plus:mergeReleaseShaders&#10;&gt; Task :connectivity_plus:compileReleaseShaders NO-SOURCE&#10;&gt; Task :connectivity_plus:generateReleaseAssets UP-TO-DATE&#10;&gt; Task :connectivity_plus:processReleaseManifest&#10;&gt; Task :connectivity_plus:packageReleaseAssets&#10;&gt; Task :connectivity_plus:packageReleaseRenderscript NO-SOURCE&#10;&gt; Task :connectivity_plus:prepareLintJarForPublish UP-TO-DATE&#10;&gt; Task :connectivity_plus:prepareReleaseArtProfile UP-TO-DATE&#10;&gt; Task :connectivity_plus:processReleaseJavaRes NO-SOURCE&#10;&gt; Task :connectivity_plus:mergeReleaseJavaResource&#10;&gt; Task :connectivity_plus:writeReleaseAarMetadata&#10;&gt; Task :app:buildKotlinToolingMetadata&#10;&#10;&gt; Task :app:compileFlutterBuildDevelopmentRelease&#10;lib/main.dart: Error: Error when reading &apos;lib/main.dart&apos;: No such file or directory&#10;package:gdn_health/main.dart: Error: No &apos;main&apos; method found.&#10;Try adding a method named &apos;main&apos; to your program.&#10;&#10;&#10;&gt; Task :app:compileFlutterBuildDevelopmentRelease FAILED&#10;&#10;FAILURE: Build failed with an exception.&#10;&#10;* Where:&#10;Script &apos;/Users/goldeninfotechapple-1/development/software/flutter_sdk/flutter/packages/flutter_tools/gradle/flutter.gradle&apos; line: 1159&#10;&#10;* What went wrong:&#10;Execution failed for task &apos;:app:compileFlutterBuildDevelopmentRelease&apos;.&#10;&gt; Process &apos;command &apos;/Users/goldeninfotechapple-1/development/software/flutter_sdk/flutter/bin/flutter&apos;&apos; finished with non-zero exit value 1&#10;&#10;* Try:&#10;&gt; Run with --stacktrace option to get the stack trace.&#10;&gt; Run with --info or --debug option to get more log output.&#10;&gt; Run with --scan to get full insights.&#10;&#10;* Get more help at https://help.gradle.org&#10;&#10;Deprecated Gradle features were used in this build, making it incompatible with Gradle 8.0.&#10;&#10;You can use &apos;--warning-mode all&apos; to show the individual deprecation warnings and determine if they come from your own scripts or plugins.&#10;&#10;See https://docs.gradle.org/7.4/userguide/command_line_interface.html#sec:command_line_warnings&#10;&#10;BUILD FAILED in 12s&#10;63 actionable tasks: 53 executed, 10 up-to-date&#10;" />
        
      </testcase>
    
  </testsuite>
</testsuites>
